
main:     file format elf32-littleriscv
main
architecture: riscv:rv32, flags 0x00000112:
EXEC_P, HAS_SYMS, D_PAGED
start address 0x00000000

Program Header:
    LOAD off    0x00001000 vaddr 0x00000000 paddr 0x00000000 align 2**12
         filesz 0x00000214 memsz 0x00000214 flags r-x
    LOAD off    0x00002000 vaddr 0x00008000 paddr 0x00008000 align 2**12
         filesz 0x00000100 memsz 0x00001100 flags rw-

Sections:
Idx Name          Size      VMA       LMA       File off  Algn
  0 .text         0000020c  00000000  00000000  00001000  2**2
                  CONTENTS, ALLOC, LOAD, READONLY, CODE
  1 .rodata       00000008  0000020c  0000020c  0000120c  2**2
                  CONTENTS, ALLOC, LOAD, READONLY, DATA
  2 _test         00000100  00008000  00008000  00002000  2**0
                  ALLOC
  3 .data         00000000  00008100  00008100  00002100  2**0
                  CONTENTS, ALLOC, LOAD, DATA
  4 .bss          00000000  00008100  00008100  00002100  2**0
                  ALLOC
  5 .stack        00001000  00008100  00008100  00002100  2**0
                  ALLOC
  6 .comment      0000001a  00000000  00000000  00002100  2**0
                  CONTENTS, READONLY
SYMBOL TABLE:
00000000 l    d  .text	00000000 .text
0000020c l    d  .rodata	00000000 .rodata
00008000 l    d  _test	00000000 _test
00008100 l    d  .data	00000000 .data
00008100 l    d  .bss	00000000 .bss
00008100 l    d  .stack	00000000 .stack
00000000 l    d  .comment	00000000 .comment
00000000 l    df *ABS*	00000000 setup.o
00000084 l       .text	00000000 init_bss
00000104 l       .text	00000000 fill_block
0000009c l       .text	00000000 init_sbss
000000b4 l       .text	00000000 write_stack_pattern
000000cc l       .text	00000000 init_stack
000000d4 l       .text	00000000 write_test_pattern
000000ec l       .text	00000000 SystemInit
000000f0 l       .text	00000000 SystemExit
00000100 l       .text	00000000 dead_loop
00000114 l       .text	00000000 fb_end
00000000 l    df *ABS*	00000000 main.c
00008000 g       _test	00000000 _test_start
00008100 g       _test	00000000 __sbss_start
00008900 g       _test	00000000 _gp
00008100 g       _test	00000000 _test_end
00000100 g       *ABS*	00000000 _TEST_SIZE
0000020c g       .rodata	00000000 div1
00000214 g       .rodata	00000000 __rodata_end
00008100 g       .bss	00000000 __bss_end
00008100 g       _test	00000000 __sbss_end
00000210 g       .rodata	00000000 div2
00000000 g       .text	00000000 _start
0000020c g       .rodata	00000000 __rodata_start
00008100 g       .data	00000000 __data_end
00008100 g       .bss	00000000 __bss_start
00001000 g       *ABS*	00000000 _STACK_SIZE
0000fffc g       .stack	00000000 _sim_end
000001c0 g     F .text	0000004c main
00008100 g       .stack	00000000 _stack_end
00009100 g       .stack	00000000 __stack
00010000 g       .stack	00000000 _end
00000118 g     F .text	000000a8 gcd
00009100 g       .stack	00000000 _stack
00008100 g       .data	00000000 __data_start


Contents of section .text:
 0000 93000000 13010000 93010000 13020000  ................
 0010 93020000 13030000 93030000 13040000  ................
 0020 93040000 13050000 93050000 13060000  ................
 0030 93060000 13070000 93070000 13080000  ................
 0040 93080000 13090000 93090000 130a0000  ................
 0050 930a0000 130b0000 930b0000 130c0000  ................
 0060 930c0000 130d0000 930d0000 130e0000  ................
 0070 930e0000 130f0000 930f0000 97910000  ................
 0080 93814188 17850000 1305c507 97850000  ..A.............
 0090 93850507 13060000 ef00c006 17850000  ................
 00a0 13054506 97850000 93858505 13060000  ..E.............
 00b0 ef004005 17850000 1305c504 97950000  ..@.............
 00c0 93850504 13060000 ef00c003 17910000  ................
 00d0 13014103 17850000 1305c5f2 97850000  ..A.............
 00e0 93850502 13060000 ef00c001 ef00400d  ..............@.
 00f0 97020100 9382c2f0 1303f0ff 23a06200  ............#.b.
 0100 6f000000 6378b500 2320c500 13054500  o...cx..# ....E.
 0110 6ff05fff 67800000 130101fe 232e1100  o._.g.......#...
 0120 232c8100 13040102 2326a4fe 2324b4fe  #,......#&..#$..
 0130 8327c4fe 63960700 832784fe 6f000007  .'..c....'..o...
 0140 832784fe 63960700 8327c4fe 6f000006  .'..c....'..o...
 0150 0327c4fe 832784fe 6316f700 8327c4fe  .'...'..c....'..
 0160 6f00c004 0327c4fe 832784fe 63f2e702  o....'...'..c...
 0170 0327c4fe 832784fe b307f740 832584fe  .'...'.....@.%..
 0180 13850700 eff05ff9 93070500 6f000002  ......_.....o...
 0190 032784fe 8327c4fe b307f740 93850700  .'...'.....@....
 01a0 0325c4fe eff05ff7 93070500 13850700  .%...._.........
 01b0 8320c101 03248101 13010102 67800000  . ...$......g...
 01c0 130101ff 23261100 23248100 13040101  ....#&..#$......
 01d0 0327c020 83270021 93850700 13050700  .'. .'.!........
 01e0 eff09ff3 93070500 13870700 b7870000  ................
 01f0 23a0e700 93070000 13850700 8320c100  #............ ..
 0200 03248100 13010101 67800000           .$......g...    
Contents of section .rodata:
 020c 14286207 23194200                    .(b.#.B.        
Contents of section .comment:
 0000 4743433a 2028474e 55292037 2e312e31  GCC: (GNU) 7.1.1
 0010 20323031 37303530 3900                20170509.      

Disassembly of section .text:

00000000 <_start>:
   0:	00000093          	li	ra,0
   4:	00000113          	li	sp,0
   8:	00000193          	li	gp,0
   c:	00000213          	li	tp,0
  10:	00000293          	li	t0,0
  14:	00000313          	li	t1,0
  18:	00000393          	li	t2,0
  1c:	00000413          	li	s0,0
  20:	00000493          	li	s1,0
  24:	00000513          	li	a0,0
  28:	00000593          	li	a1,0
  2c:	00000613          	li	a2,0
  30:	00000693          	li	a3,0
  34:	00000713          	li	a4,0
  38:	00000793          	li	a5,0
  3c:	00000813          	li	a6,0
  40:	00000893          	li	a7,0
  44:	00000913          	li	s2,0
  48:	00000993          	li	s3,0
  4c:	00000a13          	li	s4,0
  50:	00000a93          	li	s5,0
  54:	00000b13          	li	s6,0
  58:	00000b93          	li	s7,0
  5c:	00000c13          	li	s8,0
  60:	00000c93          	li	s9,0
  64:	00000d13          	li	s10,0
  68:	00000d93          	li	s11,0
  6c:	00000e13          	li	t3,0
  70:	00000e93          	li	t4,0
  74:	00000f13          	li	t5,0
  78:	00000f93          	li	t6,0
  7c:	00009197          	auipc	gp,0x9
  80:	88418193          	addi	gp,gp,-1916 # 8900 <_gp>

00000084 <init_bss>:
  84:	00008517          	auipc	a0,0x8
  88:	07c50513          	addi	a0,a0,124 # 8100 <__sbss_end>
  8c:	00008597          	auipc	a1,0x8
  90:	07058593          	addi	a1,a1,112 # 80fc <_test_start+0xfc>
  94:	00000613          	li	a2,0
  98:	06c000ef          	jal	ra,104 <fill_block>

0000009c <init_sbss>:
  9c:	00008517          	auipc	a0,0x8
  a0:	06450513          	addi	a0,a0,100 # 8100 <__sbss_end>
  a4:	00008597          	auipc	a1,0x8
  a8:	05858593          	addi	a1,a1,88 # 80fc <_test_start+0xfc>
  ac:	00000613          	li	a2,0
  b0:	054000ef          	jal	ra,104 <fill_block>

000000b4 <write_stack_pattern>:
  b4:	00008517          	auipc	a0,0x8
  b8:	04c50513          	addi	a0,a0,76 # 8100 <__sbss_end>
  bc:	00009597          	auipc	a1,0x9
  c0:	04058593          	addi	a1,a1,64 # 90fc <_gp+0x7fc>
  c4:	00000613          	li	a2,0
  c8:	03c000ef          	jal	ra,104 <fill_block>

000000cc <init_stack>:
  cc:	00009117          	auipc	sp,0x9
  d0:	03410113          	addi	sp,sp,52 # 9100 <__stack>

000000d4 <write_test_pattern>:
  d4:	00008517          	auipc	a0,0x8
  d8:	f2c50513          	addi	a0,a0,-212 # 8000 <_test_start>
  dc:	00008597          	auipc	a1,0x8
  e0:	02058593          	addi	a1,a1,32 # 80fc <_test_start+0xfc>
  e4:	00000613          	li	a2,0
  e8:	01c000ef          	jal	ra,104 <fill_block>

000000ec <SystemInit>:
  ec:	0d4000ef          	jal	ra,1c0 <main>

000000f0 <SystemExit>:
  f0:	00010297          	auipc	t0,0x10
  f4:	f0c28293          	addi	t0,t0,-244 # fffc <_sim_end>
  f8:	fff00313          	li	t1,-1
  fc:	0062a023          	sw	t1,0(t0)

00000100 <dead_loop>:
 100:	0000006f          	j	100 <dead_loop>

00000104 <fill_block>:
 104:	00b57863          	bleu	a1,a0,114 <fb_end>
 108:	00c52023          	sw	a2,0(a0)
 10c:	00450513          	addi	a0,a0,4
 110:	ff5ff06f          	j	104 <fill_block>

00000114 <fb_end>:
 114:	00008067          	ret

00000118 <gcd>:
 118:	fe010113          	addi	sp,sp,-32
 11c:	00112e23          	sw	ra,28(sp)
 120:	00812c23          	sw	s0,24(sp)
 124:	02010413          	addi	s0,sp,32
 128:	fea42623          	sw	a0,-20(s0)
 12c:	feb42423          	sw	a1,-24(s0)
 130:	fec42783          	lw	a5,-20(s0)
 134:	00079663          	bnez	a5,140 <gcd+0x28>
 138:	fe842783          	lw	a5,-24(s0)
 13c:	0700006f          	j	1ac <gcd+0x94>
 140:	fe842783          	lw	a5,-24(s0)
 144:	00079663          	bnez	a5,150 <gcd+0x38>
 148:	fec42783          	lw	a5,-20(s0)
 14c:	0600006f          	j	1ac <gcd+0x94>
 150:	fec42703          	lw	a4,-20(s0)
 154:	fe842783          	lw	a5,-24(s0)
 158:	00f71663          	bne	a4,a5,164 <gcd+0x4c>
 15c:	fec42783          	lw	a5,-20(s0)
 160:	04c0006f          	j	1ac <gcd+0x94>
 164:	fec42703          	lw	a4,-20(s0)
 168:	fe842783          	lw	a5,-24(s0)
 16c:	02e7f263          	bleu	a4,a5,190 <gcd+0x78>
 170:	fec42703          	lw	a4,-20(s0)
 174:	fe842783          	lw	a5,-24(s0)
 178:	40f707b3          	sub	a5,a4,a5
 17c:	fe842583          	lw	a1,-24(s0)
 180:	00078513          	mv	a0,a5
 184:	f95ff0ef          	jal	ra,118 <gcd>
 188:	00050793          	mv	a5,a0
 18c:	0200006f          	j	1ac <gcd+0x94>
 190:	fe842703          	lw	a4,-24(s0)
 194:	fec42783          	lw	a5,-20(s0)
 198:	40f707b3          	sub	a5,a4,a5
 19c:	00078593          	mv	a1,a5
 1a0:	fec42503          	lw	a0,-20(s0)
 1a4:	f75ff0ef          	jal	ra,118 <gcd>
 1a8:	00050793          	mv	a5,a0
 1ac:	00078513          	mv	a0,a5
 1b0:	01c12083          	lw	ra,28(sp)
 1b4:	01812403          	lw	s0,24(sp)
 1b8:	02010113          	addi	sp,sp,32
 1bc:	00008067          	ret

000001c0 <main>:
 1c0:	ff010113          	addi	sp,sp,-16
 1c4:	00112623          	sw	ra,12(sp)
 1c8:	00812423          	sw	s0,8(sp)
 1cc:	01010413          	addi	s0,sp,16
 1d0:	20c02703          	lw	a4,524(zero) # 20c <__rodata_start>
 1d4:	21002783          	lw	a5,528(zero) # 210 <div2>
 1d8:	00078593          	mv	a1,a5
 1dc:	00070513          	mv	a0,a4
 1e0:	f39ff0ef          	jal	ra,118 <gcd>
 1e4:	00050793          	mv	a5,a0
 1e8:	00078713          	mv	a4,a5
 1ec:	000087b7          	lui	a5,0x8
 1f0:	00e7a023          	sw	a4,0(a5) # 8000 <_test_start>
 1f4:	00000793          	li	a5,0
 1f8:	00078513          	mv	a0,a5
 1fc:	00c12083          	lw	ra,12(sp)
 200:	00812403          	lw	s0,8(sp)
 204:	01010113          	addi	sp,sp,16
 208:	00008067          	ret
