ncsim 15.20-s039
Linux 3.10.0-1127.19.1.el7.x86_64 #1 SMP Tue Aug 25 17:23:54 UTC 2020 x86_64
CPU cores: 4
Limit information:
======================================
cputime			unlimited
filesize		unlimited
datasize		unlimited
stacksize		8192 kbytes
coredumpsize	0 kbytes
memoryuse		unlimited
vmemoryuse		unlimited
descriptors		4096
memorylocked	64 kbytes
maxproc			4096
======================================
(Special)Runtime environment variables:

Runtime environment variables:
LC_PAPER=zh_TW.UTF-8
XDG_VTNR=1
SSH_AGENT_PID=5520
XDG_SESSION_ID=4
HOSTNAME=ncku.virtualbox
LC_MONETARY=zh_TW.UTF-8
DBUS_STARTER_ADDRESS=unix:abstract=/tmp/dbus-gmi1IULFb6,guid=ad85c27f014021c6358762445f71d9de
IMSETTINGS_INTEGRATE_DESKTOP=yes
VTE_VERSION=5202
SHELL=/bin/bash
TERM=xterm-256color
XDG_MENU_PREFIX=gnome-
HISTSIZE=1000
GNOME_TERMINAL_SCREEN=/org/gnome/Terminal/screen/ff2a006c_e8eb_4a29_bb01_d4042ad77f0b
LC_NUMERIC=zh_TW.UTF-8
IMSETTINGS_MODULE=none
USER=khduh
LS_COLORS=rs=0:di=38;5;27:ln=38;5;51:mh=44;38;5;15:pi=40;38;5;11:so=38;5;13:do=38;5;5:bd=48;5;232;38;5;11:cd=48;5;232;38;5;3:or=48;5;232;38;5;9:mi=05;48;5;232;38;5;15:su=48;5;196;38;5;15:sg=48;5;11;38;5;16:ca=48;5;196;38;5;226:tw=48;5;10;38;5;16:ow=48;5;10;38;5;21:st=48;5;21;38;5;15:ex=38;5;34:*.tar=38;5;9:*.tgz=38;5;9:*.arc=38;5;9:*.arj=38;5;9:*.taz=38;5;9:*.lha=38;5;9:*.lz4=38;5;9:*.lzh=38;5;9:*.lzma=38;5;9:*.tlz=38;5;9:*.txz=38;5;9:*.tzo=38;5;9:*.t7z=38;5;9:*.zip=38;5;9:*.z=38;5;9:*.Z=38;5;9:*.dz=38;5;9:*.gz=38;5;9:*.lrz=38;5;9:*.lz=38;5;9:*.lzo=38;5;9:*.xz=38;5;9:*.bz2=38;5;9:*.bz=38;5;9:*.tbz=38;5;9:*.tbz2=38;5;9:*.tz=38;5;9:*.deb=38;5;9:*.rpm=38;5;9:*.jar=38;5;9:*.war=38;5;9:*.ear=38;5;9:*.sar=38;5;9:*.rar=38;5;9:*.alz=38;5;9:*.ace=38;5;9:*.zoo=38;5;9:*.cpio=38;5;9:*.7z=38;5;9:*.rz=38;5;9:*.cab=38;5;9:*.jpg=38;5;13:*.jpeg=38;5;13:*.gif=38;5;13:*.bmp=38;5;13:*.pbm=38;5;13:*.pgm=38;5;13:*.ppm=38;5;13:*.tga=38;5;13:*.xbm=38;5;13:*.xpm=38;5;13:*.tif=38;5;13:*.tiff=38;5;13:*.png=38;5;13:*.svg=38;5;13:*.svgz=38;5;13:*.mng=38;5;13:*.pcx=38;5;13:*.mov=38;5;13:*.mpg=38;5;13:*.mpeg=38;5;13:*.m2v=38;5;13:*.mkv=38;5;13:*.webm=38;5;13:*.ogm=38;5;13:*.mp4=38;5;13:*.m4v=38;5;13:*.mp4v=38;5;13:*.vob=38;5;13:*.qt=38;5;13:*.nuv=38;5;13:*.wmv=38;5;13:*.asf=38;5;13:*.rm=38;5;13:*.rmvb=38;5;13:*.flc=38;5;13:*.avi=38;5;13:*.fli=38;5;13:*.flv=38;5;13:*.gl=38;5;13:*.dl=38;5;13:*.xcf=38;5;13:*.xwd=38;5;13:*.yuv=38;5;13:*.cgm=38;5;13:*.emf=38;5;13:*.axv=38;5;13:*.anx=38;5;13:*.ogv=38;5;13:*.ogx=38;5;13:*.aac=38;5;45:*.au=38;5;45:*.flac=38;5;45:*.mid=38;5;45:*.midi=38;5;45:*.mka=38;5;45:*.mp3=38;5;45:*.mpc=38;5;45:*.ogg=38;5;45:*.ra=38;5;45:*.wav=38;5;45:*.axa=38;5;45:*.oga=38;5;45:*.spx=38;5;45:*.xspf=38;5;45:
GNOME_TERMINAL_SERVICE=:1.106
SSH_AUTH_SOCK=/run/user/1000/keyring/ssh
SESSION_MANAGER=local/unix:@/tmp/.ICE-unix/5352,unix/unix:/tmp/.ICE-unix/5352
USERNAME=khduh
GNOME_SHELL_SESSION_MODE=classic
PATH=/usr/cad/cadence/JASPER/cur/bin:/usr/cad/cadence/INCISIV/cur/tools/bin:/usr/cad/cadence/INCISIV/cur/tools/vtools/vfault/bin:/usr/cad/cadence/INCISIV/cur/tools/dfII/bin:/usr/bin/X11:/usr/cad/synopsys/coreConsultant/cur/bin:/usr/cad/synopsys/synthesis/cur/amd64/syn/bin:/usr/cad/synopsys/lc/cur/bin:/usr/cad/synopsys/icc/cur/amd64/syn/bin:/usr/cad/synopsys/verdi/cur/bin:/usr/cad/synopsys/verdi/cur/nLint/bin:/opt/RISCV/riscv-tools/riscv-pk/build64:/opt/RISCV/riscv-tools/riscv-pk/build:/opt/RISCV/riscv-tools/riscv-isa-sim/build:/opt/RISCV/riscv64-unknown-elf/bin:/opt/RISCV/bin:/opt/RISCV/riscv-tools/riscv-pk/build64:/opt/RISCV/riscv-tools/riscv-pk/build:/opt/RISCV/riscv-tools/riscv-isa-sim/build:/opt/RISCV/riscv64-unknown-elf/bin:/opt/RISCV/bin:/usr/local/bin:/usr/local/sbin:/usr/bin:/usr/sbin:/bin:/sbin:/home/khduh/.local/bin:/home/khduh/bin
MAIL=/var/spool/mail/khduh
DESKTOP_SESSION=gnome-classic
QT_IM_MODULE=ibus
XDG_SESSION_TYPE=x11
PWD=/home/khduh/Desktop/khduhVerilog/HW1/N260XXXXX/src
XMODIFIERS=@im=ibus
LANG=en_US.UTF-8
GDM_LANG=en_US.UTF-8
LC_MEASUREMENT=zh_TW.UTF-8
GDMSESSION=gnome-classic
HISTCONTROL=ignoredups
DBUS_STARTER_BUS_TYPE=session
HOME=/home/khduh
XDG_SEAT=seat0
SHLVL=3
GNOME_DESKTOP_SESSION_ID=this-is-deprecated
XDG_SESSION_DESKTOP=gnome-classic
LOGNAME=khduh
XDG_DATA_DIRS=/home/khduh/.local/share/flatpak/exports/share/:/var/lib/flatpak/exports/share/:/usr/local/share/:/usr/share/
DBUS_SESSION_BUS_ADDRESS=unix:abstract=/tmp/dbus-gmi1IULFb6,guid=ad85c27f014021c6358762445f71d9de
LESSOPEN=||/usr/bin/lesspipe.sh %s
WINDOWPATH=1:1:1
XDG_RUNTIME_DIR=/run/user/1000
DISPLAY=:0
XDG_CURRENT_DESKTOP=GNOME-Classic:GNOME
LC_TIME=zh_TW.UTF-8
COLORTERM=truecolor
XAUTHORITY=/run/gdm/auth-for-khduh-3jDmND/database
_=/bin/tcsh
HOSTTYPE=x86_64-linux
VENDOR=unknown
OSTYPE=linux
MACHTYPE=x86_64
GROUP=khduh
HOST=ncku.virtualbox
LM_LICENSE_FILE=5280@lsncku:26585@lsncku
LD_LIBRARY_PATH=/usr/cad/cadence/INCISIV/cur/tools/lib:/usr/cad/cadence/INCISIV/cur/tools/vtools/vfault/lib::/usr/cad/synopsys/verdi/cur/etc/lib/libstdc++/LINUX64/:/usr/cad/synopsys/verdi/cur/share/PLI/IUS/LINUX
SHLIB_PATH=/usr/cad/synopsys/verdi/cur/etc/lib/libstdc++/LINUX64/
SYNOPSYS=/usr/cad/synopsys/icc/cur
SYNTHESIS=/usr/cad/synopsys/synthesis/cur
SYN_MAN_DIR=/usr/cad/synopsys/synthesis/cur/doc/syn/man
MANPATH=/usr/cad/synopsys/synthesis/cur/doc/syn/man
_IRUNROOT_=/usr/cad/cadence/INCISIV/cur/tools
CDS_ARCH=lnx86
NCRUNMODE=ncverilog:./INCA_libs/irun.lnx86.15.20.nc
IRUNBATCH=FALSE
IMPERAS_PORT_FILE=.vsp_ovp_gdb_port
TCL_LIBRARY=/usr/cad/cadence/INCISIV/cur/tools/inca/files/tcl/library
Runtime command line arguments:
argv[0]=ncverilog
argv[1]=ALU_op.sv
94 profile - 100
          CPU/Mem usage: 0.030 sys,  0.010 user,  60.98M sys,  0.00M vm
95 VC callback profile - scalar:0 vector:0
96 Tue Sep 29 00:38:56 2020
97 pliAppInit
98 FSDB_GATE is disabled.
99 Enable Parallel Dumping.
100 pliAppMiscSet: New Sim Round
101 pliEntryInit
102 LIBSSCORE=found /usr/cad/synopsys/verdi/cur/share/PLI/IUS/LINUX/libsscore_ius152.so through $LD_LIBRARY_PATH setting.
103 Sim process exit
