ncsim 15.20-s039
Linux 3.10.0-1127.19.1.el7.x86_64 #1 SMP Tue Aug 25 17:23:54 UTC 2020 x86_64
CPU cores: 4
Limit information:
======================================
cputime			unlimited
filesize		unlimited
datasize		unlimited
stacksize		8192 kbytes
coredumpsize	0 kbytes
memoryuse		unlimited
vmemoryuse		unlimited
descriptors		4096
memorylocked	64 kbytes
maxproc			4096
======================================
(Special)Runtime environment variables:

Runtime environment variables:
LC_PAPER=zh_TW.UTF-8
XDG_VTNR=1
MANPATH=/usr/cad/synopsys/synthesis/cur/doc/syn/man
XDG_SESSION_ID=1
SSH_AGENT_PID=2542
DBUS_STARTER_ADDRESS=unix:abstract=/tmp/dbus-CRbhLwDloZ,guid=709b21f3c66c02e3f39ef95a5f7d5f50
LC_MONETARY=zh_TW.UTF-8
HOSTNAME=ncku.virtualbox
IMSETTINGS_INTEGRATE_DESKTOP=yes
HOST=ncku.virtualbox
TERM=xterm-256color
XDG_MENU_PREFIX=gnome-
VTE_VERSION=5202
SHELL=/bin/bash
HISTSIZE=1000
MAKEFLAGS=FSDB=2
GNOME_TERMINAL_SCREEN=/org/gnome/Terminal/screen/927e4206_ddd4_48f4_b304_25125498dd80
LC_NUMERIC=zh_TW.UTF-8
IMSETTINGS_MODULE=none
GROUP=khduh
USER=khduh
MAKEOVERRIDES=${-*-command-variables-*-}
LD_LIBRARY_PATH=/usr/cad/cadence/INCISIV/cur/tools/lib:/usr/cad/cadence/INCISIV/cur/tools/vtools/vfault/lib::/usr/cad/synopsys/verdi/cur/etc/lib/libstdc++/LINUX64/:/usr/cad/synopsys/verdi/cur/share/PLI/IUS/LINUX
LS_COLORS=rs=0:di=38;5;27:ln=38;5;51:mh=44;38;5;15:pi=40;38;5;11:so=38;5;13:do=38;5;5:bd=48;5;232;38;5;11:cd=48;5;232;38;5;3:or=48;5;232;38;5;9:mi=05;48;5;232;38;5;15:su=48;5;196;38;5;15:sg=48;5;11;38;5;16:ca=48;5;196;38;5;226:tw=48;5;10;38;5;16:ow=48;5;10;38;5;21:st=48;5;21;38;5;15:ex=38;5;34:*.tar=38;5;9:*.tgz=38;5;9:*.arc=38;5;9:*.arj=38;5;9:*.taz=38;5;9:*.lha=38;5;9:*.lz4=38;5;9:*.lzh=38;5;9:*.lzma=38;5;9:*.tlz=38;5;9:*.txz=38;5;9:*.tzo=38;5;9:*.t7z=38;5;9:*.zip=38;5;9:*.z=38;5;9:*.Z=38;5;9:*.dz=38;5;9:*.gz=38;5;9:*.lrz=38;5;9:*.lz=38;5;9:*.lzo=38;5;9:*.xz=38;5;9:*.bz2=38;5;9:*.bz=38;5;9:*.tbz=38;5;9:*.tbz2=38;5;9:*.tz=38;5;9:*.deb=38;5;9:*.rpm=38;5;9:*.jar=38;5;9:*.war=38;5;9:*.ear=38;5;9:*.sar=38;5;9:*.rar=38;5;9:*.alz=38;5;9:*.ace=38;5;9:*.zoo=38;5;9:*.cpio=38;5;9:*.7z=38;5;9:*.rz=38;5;9:*.cab=38;5;9:*.jpg=38;5;13:*.jpeg=38;5;13:*.gif=38;5;13:*.bmp=38;5;13:*.pbm=38;5;13:*.pgm=38;5;13:*.ppm=38;5;13:*.tga=38;5;13:*.xbm=38;5;13:*.xpm=38;5;13:*.tif=38;5;13:*.tiff=38;5;13:*.png=38;5;13:*.svg=38;5;13:*.svgz=38;5;13:*.mng=38;5;13:*.pcx=38;5;13:*.mov=38;5;13:*.mpg=38;5;13:*.mpeg=38;5;13:*.m2v=38;5;13:*.mkv=38;5;13:*.webm=38;5;13:*.ogm=38;5;13:*.mp4=38;5;13:*.m4v=38;5;13:*.mp4v=38;5;13:*.vob=38;5;13:*.qt=38;5;13:*.nuv=38;5;13:*.wmv=38;5;13:*.asf=38;5;13:*.rm=38;5;13:*.rmvb=38;5;13:*.flc=38;5;13:*.avi=38;5;13:*.fli=38;5;13:*.flv=38;5;13:*.gl=38;5;13:*.dl=38;5;13:*.xcf=38;5;13:*.xwd=38;5;13:*.yuv=38;5;13:*.cgm=38;5;13:*.emf=38;5;13:*.axv=38;5;13:*.anx=38;5;13:*.ogv=38;5;13:*.ogx=38;5;13:*.aac=38;5;45:*.au=38;5;45:*.flac=38;5;45:*.mid=38;5;45:*.midi=38;5;45:*.mka=38;5;45:*.mp3=38;5;45:*.mpc=38;5;45:*.ogg=38;5;45:*.ra=38;5;45:*.wav=38;5;45:*.axa=38;5;45:*.oga=38;5;45:*.spx=38;5;45:*.xspf=38;5;45:
GNOME_TERMINAL_SERVICE=:1.106
HOSTTYPE=x86_64-linux
SSH_AUTH_SOCK=/run/user/1000/keyring/ssh
FSDB=2
MAKELEVEL=1
SESSION_MANAGER=local/unix:@/tmp/.ICE-unix/2367,unix/unix:/tmp/.ICE-unix/2367
USERNAME=khduh
MFLAGS=
GNOME_SHELL_SESSION_MODE=classic
MAIL=/var/spool/mail/khduh
PATH=/usr/cad/cadence/JASPER/cur/bin:/usr/cad/cadence/INCISIV/cur/tools/bin:/usr/cad/cadence/INCISIV/cur/tools/vtools/vfault/bin:/usr/cad/cadence/INCISIV/cur/tools/dfII/bin:/usr/bin/X11:/usr/cad/synopsys/coreConsultant/cur/bin:/usr/cad/synopsys/synthesis/cur/amd64/syn/bin:/usr/cad/synopsys/lc/cur/bin:/usr/cad/synopsys/icc/cur/amd64/syn/bin:/usr/cad/synopsys/verdi/cur/bin:/usr/cad/synopsys/verdi/cur/nLint/bin:/opt/RISCV/riscv-tools/riscv-pk/build64:/opt/RISCV/riscv-tools/riscv-pk/build:/opt/RISCV/riscv-tools/riscv-isa-sim/build:/opt/RISCV/riscv64-unknown-elf/bin:/opt/RISCV/bin:/opt/RISCV/riscv-tools/riscv-pk/build64:/opt/RISCV/riscv-tools/riscv-pk/build:/opt/RISCV/riscv-tools/riscv-isa-sim/build:/opt/RISCV/riscv64-unknown-elf/bin:/opt/RISCV/bin:/usr/local/bin:/usr/local/sbin:/usr/bin:/usr/sbin:/bin:/sbin:/home/khduh/.local/bin:/home/khduh/bin
DESKTOP_SESSION=gnome-classic
QT_IM_MODULE=ibus
PWD=/home/khduh/Desktop/centosshare/winVerilog/HW1/N260XXXXX/build
XDG_SESSION_TYPE=x11
XMODIFIERS=@im=ibus
LANG=en_US.UTF-8
GDM_LANG=en_US.UTF-8
LC_MEASUREMENT=zh_TW.UTF-8
SYNTHESIS=/usr/cad/synopsys/synthesis/cur
SYNOPSYS=/usr/cad/synopsys/icc/cur
LM_LICENSE_FILE=5280@lsncku:26585@lsncku
GDMSESSION=gnome-classic
HISTCONTROL=ignoredups
DBUS_STARTER_BUS_TYPE=session
SHLVL=4
XDG_SEAT=seat0
HOME=/home/khduh
OSTYPE=linux
GNOME_DESKTOP_SESSION_ID=this-is-deprecated
VENDOR=unknown
LOGNAME=khduh
XDG_SESSION_DESKTOP=gnome-classic
MACHTYPE=x86_64
DBUS_SESSION_BUS_ADDRESS=unix:abstract=/tmp/dbus-CRbhLwDloZ,guid=709b21f3c66c02e3f39ef95a5f7d5f50
XDG_DATA_DIRS=/home/khduh/.local/share/flatpak/exports/share/:/var/lib/flatpak/exports/share/:/usr/local/share/:/usr/share/
LESSOPEN=||/usr/bin/lesspipe.sh %s
SHLIB_PATH=/usr/cad/synopsys/verdi/cur/etc/lib/libstdc++/LINUX64/
WINDOWPATH=1
DISPLAY=:0
XDG_RUNTIME_DIR=/run/user/1000
SYN_MAN_DIR=/usr/cad/synopsys/synthesis/cur/doc/syn/man
XDG_CURRENT_DESKTOP=GNOME-Classic:GNOME
LC_TIME=zh_TW.UTF-8
COLORTERM=truecolor
XAUTHORITY=/run/gdm/auth-for-khduh-bWR6Dv/database
_=/usr/cad/cadence/INCISIV/cur/tools/bin/irun
OLDPWD=/home/khduh/Desktop/centosshare/winVerilog/HW1/N260XXXXX
_IRUNROOT_=/usr/cad/cadence/INCISIV/cur/tools
CDS_ARCH=lnx86
NCRUNMODE=irun:./INCA_libs/irun.lnx86.15.20.nc
IRUNBATCH=FALSE
IMPERAS_PORT_FILE=.vsp_ovp_gdb_port
TCL_LIBRARY=/usr/cad/cadence/INCISIV/cur/tools/inca/files/tcl/library
Runtime command line arguments:
argv[0]=irun
argv[1]=/home/khduh/Desktop/centosshare/winVerilog/HW1/N260XXXXX/./sim/top_tb.sv
argv[2]=+incdir+/home/khduh/Desktop/centosshare/winVerilog/HW1/N260XXXXX/./src+/home/khduh/Desktop/centosshare/winVerilog/HW1/N260XXXXX/./include+/home/khduh/Desktop/centosshare/winVerilog/HW1/N260XXXXX/./sim
argv[3]=+define+prog0+FSDB_ALL
argv[4]=-define
argv[5]=CYCLE=10.0
argv[6]=-define
argv[7]=MAX=100000
argv[8]=+access+r
argv[9]=+prog_path=/home/khduh/Desktop/centosshare/winVerilog/HW1/N260XXXXX/./sim/prog0
108 profile - 100
          CPU/Mem usage: 0.040 sys,  0.020 user,  61.90M sys,  0.00M vm
109 VC callback profile - scalar:0 vector:0
110 Thu Oct  8 19:54:47 2020
111 pliAppInit
112 FSDB_GATE is disabled.
113 Enable Parallel Dumping.
114 pliAppMiscSet: New Sim Round
115 pliEntryInit
116 LIBSSCORE=found /usr/cad/synopsys/verdi/cur/share/PLI/IUS/LINUX/libsscore_ius152.so through $LD_LIBRARY_PATH setting.
117 argv[0]: top.fsdb
118 argv[0]: +struct
119 argv[1]: +mda
120 argv[2]: (handle)0xbe8a140 top_tb.TOP
121 FSDB Dumper for IUS, Release Verdi_P-2019.06, Linux, 05/26/2019
122 (C) 1996 - 2019 by Synopsys, Inc.
123 sps_call_fsdbDumpfile at 0 : /home/khduh/Desktop/centosshare/winVerilog/HW1/N260XXXXX/sim/top_tb.sv(89)
124 argv[0]: top.fsdb
125 *Verdi* FSDB WARNING: The FSDB file already exists. Overwriting the FSDB file may crash the programs that are using this file.
126 *Verdi* : Create FSDB file 'top.fsdb'
127 sps_call_fsdbDumpvars at 0 : /home/khduh/Desktop/centosshare/winVerilog/HW1/N260XXXXX/sim/top_tb.sv(90)
128 argv[0]: +struct
129 argv[1]: +mda
130 argv[2]: (handle)0xbe8a130 top_tb.TOP
131 *Verdi* : Begin traversing the scope (top_tb.TOP), layer (0).
132 *Verdi* : Enable +struct and +mda dumping.
133 *Verdi* : End of traversing.
134 fsdbDumpvars traverse var: profile - 
          CPU/Mem usage: 0.050 sys,  0.240 user,  157.88M sys,  0.00M vm
                   incr: 0.000 sys,  0.210 user,  17.10M sys,  0.00M vm
                   accu: 0.000 sys,  0.210 user,  17.10M sys,  0.00M vm
              accu incr: 0.000 sys,  0.210 user,  17.10M sys,  0.00M vm

          Count usage: 131680 var,  131477 idcode,  131485 callback
                 incr: 131680 var,  131477 idcode,  131485 callback
                 accu: 131680 var,  131477 idcode,  131485 callback
            accu incr: 131680 var,  131477 idcode,  131485 callback
135 VC callback profile - scalar:0 vector:0
136 Thu Oct  8 19:54:48 2020
137 fsdbDumpvars: profile - 
          CPU/Mem usage: 0.050 sys,  0.280 user,  165.21M sys,  0.00M vm
                   incr: 0.000 sys,  0.040 user,  7.33M sys,  0.00M vm
                   accu: 0.000 sys,  0.250 user,  24.43M sys,  0.00M vm
              accu incr: 0.000 sys,  0.040 user,  7.33M sys,  0.00M vm

          Count usage: 131680 var,  131477 idcode,  131485 callback
                 incr: 0 var,  0 idcode,  0 callback
                 accu: 131680 var,  131477 idcode,  131485 callback
            accu incr: 0 var,  0 idcode,  0 callback
138 VC callback profile - scalar:236 vector:131241
139 Thu Oct  8 19:54:48 2020
140 End of simulation at 8433000
141 VC callback profile - scalar:311159 vector:906861
142 Thu Oct  8 19:54:48 2020
143 Begin FSDB profile info:
144 FSDB Writer : bc1(311159) bcn(906861) mtf/stf(0/0)
FSDB Writer elapsed time : flush(0.123406) io wait(0.000000) theadpool wait(0.000000) target functin(0.000000)
FSDB Writer cpu time : MT Compression : 0
145 End FSDB profile info
146 Parallel profile    -  Flush:3 Expand:0 ProduceWait:0 ConsumerWait:5 BlockUsed:8
147                        ProduceTime:0.592801113 ConsumerTime:0.113036283 Buffer:64MB
148 SimExit
149 Sim process exit
